2022-08-25 00:05:10,708:WARNING:No module named 'cuml'.
'cuml' is a soft dependency and not included in the pycaret installation. Please run: `pip install cuml` to install.
2022-08-25 00:05:10,727:WARNING:No module named 'cuml'.
'cuml' is a soft dependency and not included in the pycaret installation. Please run: `pip install cuml` to install.
2022-08-25 00:05:10,728:WARNING:No module named 'cuml'.
'cuml' is a soft dependency and not included in the pycaret installation. Please run: `pip install cuml` to install.
2022-08-25 00:05:10,728:WARNING:No module named 'cuml'.
'cuml' is a soft dependency and not included in the pycaret installation. Please run: `pip install cuml` to install.
2022-08-25 00:24:01,737:INFO:PyCaret Supervised Module
2022-08-25 00:24:01,738:INFO:ML Usecase: classification
2022-08-25 00:24:01,738:INFO:version 2.3.10
2022-08-25 00:24:01,738:INFO:Initializing setup()
2022-08-25 00:24:01,738:INFO:setup(target=species, ml_usecase=classification, available_plots={'parameter': 'Hyperparameters', 'auc': 'AUC', 'confusion_matrix': 'Confusion Matrix', 'threshold': 'Threshold', 'pr': 'Precision Recall', 'error': 'Prediction Error', 'class_report': 'Class Report', 'rfe': 'Feature Selection', 'learning': 'Learning Curve', 'manifold': 'Manifold Learning', 'calibration': 'Calibration Curve', 'vc': 'Validation Curve', 'dimension': 'Dimensions', 'feature': 'Feature Importance', 'feature_all': 'Feature Importance (All)', 'boundary': 'Decision Boundary', 'lift': 'Lift Chart', 'gain': 'Gain Chart', 'tree': 'Decision Tree', 'ks': 'KS Statistic Plot'}, train_size=0.7, test_data=None, preprocess=True, imputation_type=simple, iterative_imputation_iters=5, categorical_features=None, categorical_imputation=constant, categorical_iterative_imputer=lightgbm, ordinal_features=None, high_cardinality_features=None, high_cardinality_method=frequency, numeric_features=None, numeric_imputation=mean, numeric_iterative_imputer=lightgbm, date_features=None, ignore_features=None, normalize=False, normalize_method=zscore, transformation=False, transformation_method=yeo-johnson, handle_unknown_categorical=True, unknown_categorical_method=least_frequent, pca=False, pca_method=linear, pca_components=None, ignore_low_variance=False, combine_rare_levels=False, rare_level_threshold=0.1, bin_numeric_features=None, remove_outliers=False, outliers_threshold=0.05, remove_multicollinearity=False, multicollinearity_threshold=0.9, remove_perfect_collinearity=True, create_clusters=False, cluster_iter=20, polynomial_features=False, polynomial_degree=2, trigonometry_features=False, polynomial_threshold=0.1, group_features=None, group_names=None, feature_selection=False, feature_selection_threshold=0.8, feature_selection_method=classic, feature_interaction=False, feature_ratio=False, interaction_threshold=0.01, fix_imbalance=False, fix_imbalance_method=None, transform_target=False, transform_target_method=box-cox, data_split_shuffle=True, data_split_stratify=False, fold_strategy=stratifiedkfold, fold=10, fold_shuffle=False, fold_groups=None, n_jobs=-1, use_gpu=False, custom_pipeline=None, html=True, session_id=None, log_experiment=False, experiment_name=None, experiment_custom_tags=None, log_plots=False, log_profile=False, log_data=False, silent=False, verbose=True, profile=False, profile_kwargs=None, display=None)
2022-08-25 00:24:01,738:INFO:Checking environment
2022-08-25 00:24:01,738:INFO:python_version: 3.8.13
2022-08-25 00:24:01,738:INFO:python_build: ('default', 'Mar 28 2022 06:59:08')
2022-08-25 00:24:01,738:INFO:machine: AMD64
2022-08-25 00:24:01,738:INFO:platform: Windows-10-10.0.19043-SP0
2022-08-25 00:24:01,738:INFO:Memory: svmem(total=17100075008, available=9179045888, percent=46.3, used=7921029120, free=9179045888)
2022-08-25 00:24:01,738:INFO:Physical Core: 8
2022-08-25 00:24:01,738:INFO:Logical Core: 16
2022-08-25 00:24:01,738:INFO:Checking libraries
2022-08-25 00:24:01,738:INFO:pd==1.4.3
2022-08-25 00:24:01,738:INFO:numpy==1.19.5
2022-08-25 00:24:01,739:INFO:sklearn==0.23.2
2022-08-25 00:24:01,739:INFO:lightgbm==3.3.2
2022-08-25 00:24:01,739:WARNING:catboost not found
2022-08-25 00:24:01,740:WARNING:xgboost not found
2022-08-25 00:24:01,740:INFO:mlflow==1.27.0
2022-08-25 00:24:01,740:INFO:Checking Exceptions
2022-08-25 00:24:01,740:INFO:Declaring global variables
2022-08-25 00:24:01,740:INFO:USI: 78b8
2022-08-25 00:24:01,740:INFO:pycaret_globals: {'_ml_usecase', 'transform_target_param', 'master_model_container', 'n_jobs_param', 'gpu_param', 'html_param', 'log_plots_param', 'fix_imbalance_method_param', 'y', 'fold_groups_param', 'fix_imbalance_param', 'data_before_preprocess', 'pycaret_globals', 'exp_name_log', 'seed', 'X_train', 'prep_pipe', 'iterative_imputation_iters_param', 'experiment__', 'target_param', 'create_model_container', 'display_container', '_all_models', 'fold_groups_param_full', 'y_test', 'y_train', 'dashboard_logger', 'stratify_param', 'imputation_regressor', 'fold_param', '_gpu_n_jobs_param', '_all_metrics', '_internal_pipeline', 'fold_generator', 'imputation_classifier', '_available_plots', 'X_test', 'fold_shuffle_param', 'X', '_all_models_internal', 'logging_param', 'transform_target_method_param', 'USI'}
2022-08-25 00:24:01,740:INFO:Preparing display monitor
2022-08-25 00:24:01,740:INFO:Preparing display monitor
2022-08-25 00:24:01,747:INFO:Importing libraries
2022-08-25 00:24:01,747:INFO:Copying data for preprocessing
2022-08-25 00:24:01,752:INFO:Declaring preprocessing parameters
2022-08-25 00:24:01,753:INFO:Creating preprocessing pipeline
2022-08-25 00:24:01,757:INFO:Preprocessing pipeline created successfully
2022-08-25 00:24:01,757:ERROR:(Process Exit): setup has been interupted with user command 'quit'. setup must rerun.
2022-08-25 00:24:01,757:INFO:Creating global containers
2022-08-25 00:24:01,759:INFO:Internal pipeline: Pipeline(memory=None, steps=[('empty_step', 'passthrough')], verbose=False)
